10:49:26 **** Clean-only build of configuration Debug for project wlan_mac_high_ap ****
make -j8 clean 
rm -rf  ./wlan_mac_high_framework/wlan_exp_common.o ./wlan_mac_high_framework/wlan_exp_node.o ./wlan_mac_high_framework/wlan_exp_transport.o ./wlan_mac_high_framework/wlan_mac_addr_filter.o ./wlan_mac_high_framework/wlan_mac_bss_info.o ./wlan_mac_high_framework/wlan_mac_dl_list.o ./wlan_mac_high_framework/wlan_mac_entries.o ./wlan_mac_high_framework/wlan_mac_eth_util.o ./wlan_mac_high_framework/wlan_mac_event_log.o ./wlan_mac_high_framework/wlan_mac_high.o ./wlan_mac_high_framework/wlan_mac_ltg.o ./wlan_mac_high_framework/wlan_mac_packet_types.o ./wlan_mac_high_framework/wlan_mac_queue.o ./wlan_mac_high_framework/wlan_mac_schedule.o  ./wlan_mac_common/wlan_mac_ipc_util.o  ./src/wlan_exp_node_ap.o ./src/wlan_mac_ap.o ./src/wlan_mac_ap_uart_menu.o ./src/wlan_mac_chan_util.o  ./wlan_mac_high_framework/wlan_exp_common.d ./wlan_mac_high_framework/wlan_exp_node.d ./wlan_mac_high_framework/wlan_exp_transport.d ./wlan_mac_high_framework/wlan_mac_addr_filter.d ./wlan_mac_high_framework/wlan_mac_bss_info.d ./wlan_mac_high_framework/wlan_mac_dl_list.d ./wlan_mac_high_framework/wlan_mac_entries.d ./wlan_mac_high_framework/wlan_mac_eth_util.d ./wlan_mac_high_framework/wlan_mac_event_log.d ./wlan_mac_high_framework/wlan_mac_high.d ./wlan_mac_high_framework/wlan_mac_ltg.d ./wlan_mac_high_framework/wlan_mac_packet_types.d ./wlan_mac_high_framework/wlan_mac_queue.d ./wlan_mac_high_framework/wlan_mac_schedule.d  ./wlan_mac_common/wlan_mac_ipc_util.d  ./src/wlan_exp_node_ap.d ./src/wlan_mac_ap.d ./src/wlan_mac_ap_uart_menu.d ./src/wlan_mac_chan_util.d  wlan_mac_high_ap.elf.size  wlan_mac_high_ap.elf.elfcheck  wlan_mac_high_ap.elf
' '
10:49:43 **** Clean-only build of configuration Debug for project wlan_mac_high_ibss ****
make clean 
rm -rf  ./wlan_mac_high_framework/wlan_exp_common.o ./wlan_mac_high_framework/wlan_exp_node.o ./wlan_mac_high_framework/wlan_exp_transport.o ./wlan_mac_high_framework/wlan_mac_addr_filter.o ./wlan_mac_high_framework/wlan_mac_bss_info.o ./wlan_mac_high_framework/wlan_mac_dl_list.o ./wlan_mac_high_framework/wlan_mac_entries.o ./wlan_mac_high_framework/wlan_mac_eth_util.o ./wlan_mac_high_framework/wlan_mac_event_log.o ./wlan_mac_high_framework/wlan_mac_high.o ./wlan_mac_high_framework/wlan_mac_ltg.o ./wlan_mac_high_framework/wlan_mac_packet_types.o ./wlan_mac_high_framework/wlan_mac_queue.o ./wlan_mac_high_framework/wlan_mac_schedule.o  ./wlan_mac_common/wlan_mac_ipc_util.o  ./src/wlan_exp_node_ibss.o ./src/wlan_mac_ibss.o ./src/wlan_mac_ibss_join_fsm.o ./src/wlan_mac_ibss_uart_menu.o ./src/wlan_mac_scan_fsm.o  ./wlan_mac_high_framework/wlan_exp_common.d ./wlan_mac_high_framework/wlan_exp_node.d ./wlan_mac_high_framework/wlan_exp_transport.d ./wlan_mac_high_framework/wlan_mac_addr_filter.d ./wlan_mac_high_framework/wlan_mac_bss_info.d ./wlan_mac_high_framework/wlan_mac_dl_list.d ./wlan_mac_high_framework/wlan_mac_entries.d ./wlan_mac_high_framework/wlan_mac_eth_util.d ./wlan_mac_high_framework/wlan_mac_event_log.d ./wlan_mac_high_framework/wlan_mac_high.d ./wlan_mac_high_framework/wlan_mac_ltg.d ./wlan_mac_high_framework/wlan_mac_packet_types.d ./wlan_mac_high_framework/wlan_mac_queue.d ./wlan_mac_high_framework/wlan_mac_schedule.d  ./wlan_mac_common/wlan_mac_ipc_util.d  ./src/wlan_exp_node_ibss.d ./src/wlan_mac_ibss.d ./src/wlan_mac_ibss_join_fsm.d ./src/wlan_mac_ibss_uart_menu.d ./src/wlan_mac_scan_fsm.d  wlan_mac_high_ibss.elf.size  wlan_mac_high_ibss.elf.elfcheck  wlan_mac_high_ibss.elf
' '
10:49:48 **** Clean-only build of configuration Debug for project wlan_mac_high_sta ****
make -j8 clean 
rm -rf  ./wlan_mac_high_framework/wlan_exp_common.o ./wlan_mac_high_framework/wlan_exp_node.o ./wlan_mac_high_framework/wlan_exp_transport.o ./wlan_mac_high_framework/wlan_mac_addr_filter.o ./wlan_mac_high_framework/wlan_mac_bss_info.o ./wlan_mac_high_framework/wlan_mac_dl_list.o ./wlan_mac_high_framework/wlan_mac_entries.o ./wlan_mac_high_framework/wlan_mac_eth_util.o ./wlan_mac_high_framework/wlan_mac_event_log.o ./wlan_mac_high_framework/wlan_mac_high.o ./wlan_mac_high_framework/wlan_mac_ltg.o ./wlan_mac_high_framework/wlan_mac_packet_types.o ./wlan_mac_high_framework/wlan_mac_queue.o ./wlan_mac_high_framework/wlan_mac_schedule.o  ./wlan_mac_common/wlan_mac_ipc_util.o  ./src/wlan_exp_node_sta.o ./src/wlan_mac_scan_fsm.o ./src/wlan_mac_sta.o ./src/wlan_mac_sta_join_fsm.o ./src/wlan_mac_sta_uart_menu.o  ./wlan_mac_high_framework/wlan_exp_common.d ./wlan_mac_high_framework/wlan_exp_node.d ./wlan_mac_high_framework/wlan_exp_transport.d ./wlan_mac_high_framework/wlan_mac_addr_filter.d ./wlan_mac_high_framework/wlan_mac_bss_info.d ./wlan_mac_high_framework/wlan_mac_dl_list.d ./wlan_mac_high_framework/wlan_mac_entries.d ./wlan_mac_high_framework/wlan_mac_eth_util.d ./wlan_mac_high_framework/wlan_mac_event_log.d ./wlan_mac_high_framework/wlan_mac_high.d ./wlan_mac_high_framework/wlan_mac_ltg.d ./wlan_mac_high_framework/wlan_mac_packet_types.d ./wlan_mac_high_framework/wlan_mac_queue.d ./wlan_mac_high_framework/wlan_mac_schedule.d  ./wlan_mac_common/wlan_mac_ipc_util.d  ./src/wlan_exp_node_sta.d ./src/wlan_mac_scan_fsm.d ./src/wlan_mac_sta.d ./src/wlan_mac_sta_join_fsm.d ./src/wlan_mac_sta_uart_menu.d  wlan_mac_high_sta.elf.size  wlan_mac_high_sta.elf.elfcheck  wlan_mac_high_sta.elf
' '
10:49:54 **** Clean-only build of configuration Debug for project wlan_mac_low_dcf ****
make clean 
rm -rf  ./wlan_mac_low_framework/wlan_mac_low.o ./wlan_mac_low_framework/wlan_phy_util.o  ./wlan_mac_common/wlan_mac_ipc_util.o  ./src/wlan_mac_dcf.o  ./wlan_mac_low_framework/wlan_mac_low.d ./wlan_mac_low_framework/wlan_phy_util.d  ./wlan_mac_common/wlan_mac_ipc_util.d  ./src/wlan_mac_dcf.d  wlan_mac_low_dcf.elf.size  wlan_mac_low_dcf.elf.elfcheck  wlan_mac_low_dcf.elf
' '
10:49:59 **** Clean-only build of configuration Debug for project wlan_mac_low_nomac ****
make clean 
rm -rf  ./wlan_mac_low_framework/wlan_mac_low.o ./wlan_mac_low_framework/wlan_phy_util.o  ./wlan_mac_common/wlan_mac_ipc_util.o  ./src/wlan_mac_nomac.o  ./wlan_mac_low_framework/wlan_mac_low.d ./wlan_mac_low_framework/wlan_phy_util.d  ./wlan_mac_common/wlan_mac_ipc_util.d  ./src/wlan_mac_nomac.d  wlan_mac_low_nomac.elf.size  wlan_mac_low_nomac.elf.elfcheck  wlan_mac_low_nomac.elf
' '
10:50:04 **** Clean-only build of project wlan_bsp_cpu_low ****
10:50:04 **** Clean-only build of project wlan_bsp_cpu_high ****
make -k clean 
make -k clean 
rm -rf mb_high
rm -rf mb_low
